<?xml version="1.0" encoding="UTF-8"?>
<!-- Generated by org.testng.reporters.JUnitReportReporter -->
<testsuite skipped="0" hostname="DESKTOP-FEE2EDO" name="Test.ZAPI_Demooooooooooooo.AppTest" tests="1" failures="0" timestamp="2021-12-27T12:43:49 IST" time="0.002" errors="0">
  <testcase name="shouldAnswerWithTrue" time="0.002" classname="Test.ZAPI_Demooooooooooooo.AppTest"/>
</testsuite> <!-- Test.ZAPI_Demooooooooooooo.AppTest -->
